-- The C compiler identification is GNU 13.3.0
-- The CXX compiler identification is GNU 13.3.0
-- Detecting C compiler ABI info
-- Detecting C compiler ABI info - done
-- Check for working C compiler: /usr/bin/cc - skipped
-- Detecting C compile features
-- Detecting C compile features - done
-- Detecting CXX compiler ABI info
-- Detecting CXX compiler ABI info - done
-- Check for working CXX compiler: /usr/bin/c++ - skipped
-- Detecting CXX compile features
-- Detecting CXX compile features - done
-- Found ament_cmake: 2.5.4 (/opt/ros/jazzy/share/ament_cmake/cmake)
-- Found Python3: /usr/bin/python3 (found version "3.12.3") found components: Interpreter 
-- Override CMake install command with custom implementation using symlinks instead of copying resources
-- Found rclcpp: 28.1.12 (/opt/ros/jazzy/share/rclcpp/cmake)
-- Found rosidl_generator_c: 4.6.6 (/opt/ros/jazzy/share/rosidl_generator_c/cmake)
-- Found rosidl_generator_cpp: 4.6.6 (/opt/ros/jazzy/share/rosidl_generator_cpp/cmake)
-- Using all available rosidl_typesupport_c: rosidl_typesupport_fastrtps_c;rosidl_typesupport_introspection_c
-- Using all available rosidl_typesupport_cpp: rosidl_typesupport_fastrtps_cpp;rosidl_typesupport_introspection_cpp
-- Found rmw_implementation_cmake: 7.3.2 (/opt/ros/jazzy/share/rmw_implementation_cmake/cmake)
-- Found rmw_fastrtps_cpp: 8.4.3 (/opt/ros/jazzy/share/rmw_fastrtps_cpp/cmake)
-- Found OpenSSL: /usr/lib/x86_64-linux-gnu/libcrypto.so (found version "3.0.13")  
-- Found FastRTPS: /opt/ros/jazzy/include (Required is at least version "2.13") 
-- Using RMW implementation 'rmw_fastrtps_cpp' as default
-- Found geometry_msgs: 5.3.6 (/opt/ros/jazzy/share/geometry_msgs/cmake)
-- Configuring done (18.0s)
-- Generating done (0.0s)
-- Build files have been written to: /home/usman/Documents/codes/ros2_ws/build/ssl_robot
-- Install configuration: ""
-- Execute custom install script
-- Symlinking: /home/usman/Documents/codes/ros2_ws/install/ssl_robot/share/ssl_robot/urdf/robot.urdf
-- Symlinking: /home/usman/Documents/codes/ros2_ws/install/ssl_robot/share/ssl_robot/meshes/base_link.STL
-- Symlinking: /home/usman/Documents/codes/ros2_ws/install/ssl_robot/share/ssl_robot/meshes/link_BL.STL
-- Symlinking: /home/usman/Documents/codes/ros2_ws/install/ssl_robot/share/ssl_robot/meshes/link_BR.STL
-- Symlinking: /home/usman/Documents/codes/ros2_ws/install/ssl_robot/share/ssl_robot/meshes/link_FL.STL
-- Symlinking: /home/usman/Documents/codes/ros2_ws/install/ssl_robot/share/ssl_robot/meshes/link_FR.STL
-- Symlinking: /home/usman/Documents/codes/ros2_ws/install/ssl_robot/share/ssl_robot/launch/simulation.launch.py
-- Symlinking: /home/usman/Documents/codes/ros2_ws/install/ssl_robot/share/ssl_robot/worlds/ssl_field.world
-- Symlinking: /home/usman/Documents/codes/ros2_ws/install/ssl_robot/lib/ssl_robot/gui_controller.py
-- Symlinking: /home/usman/Documents/codes/ros2_ws/install/ssl_robot/share/ament_index/resource_index/package_run_dependencies/ssl_robot
-- Symlinking: /home/usman/Documents/codes/ros2_ws/install/ssl_robot/share/ament_index/resource_index/parent_prefix_path/ssl_robot
-- Symlinking: /home/usman/Documents/codes/ros2_ws/install/ssl_robot/share/ssl_robot/environment/ament_prefix_path.sh
-- Symlinking: /home/usman/Documents/codes/ros2_ws/install/ssl_robot/share/ssl_robot/environment/ament_prefix_path.dsv
-- Symlinking: /home/usman/Documents/codes/ros2_ws/install/ssl_robot/share/ssl_robot/environment/path.sh
-- Symlinking: /home/usman/Documents/codes/ros2_ws/install/ssl_robot/share/ssl_robot/environment/path.dsv
-- Symlinking: /home/usman/Documents/codes/ros2_ws/install/ssl_robot/share/ssl_robot/local_setup.bash
-- Symlinking: /home/usman/Documents/codes/ros2_ws/install/ssl_robot/share/ssl_robot/local_setup.sh
-- Symlinking: /home/usman/Documents/codes/ros2_ws/install/ssl_robot/share/ssl_robot/local_setup.zsh
-- Symlinking: /home/usman/Documents/codes/ros2_ws/install/ssl_robot/share/ssl_robot/local_setup.dsv
-- Symlinking: /home/usman/Documents/codes/ros2_ws/install/ssl_robot/share/ssl_robot/package.dsv
-- Symlinking: /home/usman/Documents/codes/ros2_ws/install/ssl_robot/share/ament_index/resource_index/packages/ssl_robot
-- Symlinking: /home/usman/Documents/codes/ros2_ws/install/ssl_robot/share/ssl_robot/cmake/ssl_robotConfig.cmake
-- Symlinking: /home/usman/Documents/codes/ros2_ws/install/ssl_robot/share/ssl_robot/cmake/ssl_robotConfig-version.cmake
-- Symlinking: /home/usman/Documents/codes/ros2_ws/install/ssl_robot/share/ssl_robot/package.xml
