[2.868s] DEBUG:colcon:Command line arguments: ['/usr/bin/colcon', 'build', '--symlink-install']
[2.871s] DEBUG:colcon:Parsed command line arguments: Namespace(log_base=None, log_level=None, verb_name='build', build_base='build', install_base='install', merge_install=False, symlink_install=True, test_result_base=None, continue_on_error=False, executor='parallel', parallel_workers=4, event_handlers=None, ignore_user_meta=False, metas=['./colcon.meta'], base_paths=['.'], packages_ignore=None, packages_ignore_regex=None, paths=None, packages_up_to=None, packages_up_to_regex=None, packages_above=None, packages_above_and_dependencies=None, packages_above_depth=None, packages_select_by_dep=None, packages_skip_by_dep=None, packages_skip_up_to=None, packages_select_build_failed=False, packages_skip_build_finished=False, packages_select_test_failures=False, packages_skip_test_passed=False, packages_select=None, packages_skip=None, packages_select_regex=None, packages_skip_regex=None, packages_start=None, packages_end=None, allow_overriding=[], cmake_args=None, cmake_target=None, cmake_target_skip_unavailable=False, cmake_clean_cache=False, cmake_clean_first=False, cmake_force_configure=False, ament_cmake_args=None, catkin_cmake_args=None, catkin_skip_building_tests=False, mixin_files=None, mixin=None, verb_parser=<colcon_mixin.mixin.mixin_argument.MixinArgumentDecorator object at 0x710730bb1f40>, verb_extension=<colcon_core.verb.build.BuildVerb object at 0x710730bb1b80>, main=<bound method BuildVerb.main of <colcon_core.verb.build.BuildVerb object at 0x710730bb1b80>>, mixin_verb=('build',))
[3.658s] Level 1:colcon.colcon_core.package_discovery:discover_packages(colcon_meta) check parameters
[3.669s] Level 1:colcon.colcon_core.package_discovery:discover_packages(recursive) check parameters
[3.669s] Level 1:colcon.colcon_core.package_discovery:discover_packages(ignore) check parameters
[3.669s] Level 1:colcon.colcon_core.package_discovery:discover_packages(path) check parameters
[3.670s] Level 1:colcon.colcon_core.package_discovery:discover_packages(colcon_meta) discover
[3.670s] Level 1:colcon.colcon_core.package_discovery:discover_packages(recursive) discover
[3.670s] INFO:colcon.colcon_core.package_discovery:Crawling recursively for packages in '/home/usman/Documents/codes/ros2_ws'
[3.671s] Level 1:colcon.colcon_core.package_identification:_identify(.) by extensions ['ignore', 'ignore_ament_install']
[3.671s] Level 1:colcon.colcon_core.package_identification:_identify(.) by extension 'ignore'
[3.688s] Level 1:colcon.colcon_core.package_identification:_identify(.) by extension 'ignore_ament_install'
[3.688s] Level 1:colcon.colcon_core.package_identification:_identify(.) by extensions ['colcon_pkg']
[3.688s] Level 1:colcon.colcon_core.package_identification:_identify(.) by extension 'colcon_pkg'
[3.689s] Level 1:colcon.colcon_core.package_identification:_identify(.) by extensions ['colcon_meta']
[3.689s] Level 1:colcon.colcon_core.package_identification:_identify(.) by extension 'colcon_meta'
[3.689s] Level 1:colcon.colcon_core.package_identification:_identify(.) by extensions ['ros']
[3.689s] Level 1:colcon.colcon_core.package_identification:_identify(.) by extension 'ros'
[4.170s] Level 1:colcon.colcon_core.package_identification:_identify(.) by extensions ['cmake', 'python']
[4.171s] Level 1:colcon.colcon_core.package_identification:_identify(.) by extension 'cmake'
[4.171s] Level 1:colcon.colcon_core.package_identification:_identify(.) by extension 'python'
[4.171s] Level 1:colcon.colcon_core.package_identification:_identify(.) by extensions ['python_setup_py']
[4.174s] Level 1:colcon.colcon_core.package_identification:_identify(.) by extension 'python_setup_py'
[4.174s] Level 1:colcon.colcon_core.package_identification:_identify(build) by extensions ['ignore', 'ignore_ament_install']
[4.176s] Level 1:colcon.colcon_core.package_identification:_identify(build) by extension 'ignore'
[4.176s] Level 1:colcon.colcon_core.package_identification:_identify(build) ignored
[4.177s] Level 1:colcon.colcon_core.package_identification:_identify(install) by extensions ['ignore', 'ignore_ament_install']
[4.177s] Level 1:colcon.colcon_core.package_identification:_identify(install) by extension 'ignore'
[4.180s] Level 1:colcon.colcon_core.package_identification:_identify(install) ignored
[4.181s] Level 1:colcon.colcon_core.package_identification:_identify(log) by extensions ['ignore', 'ignore_ament_install']
[4.181s] Level 1:colcon.colcon_core.package_identification:_identify(log) by extension 'ignore'
[4.181s] Level 1:colcon.colcon_core.package_identification:_identify(log) ignored
[4.182s] Level 1:colcon.colcon_core.package_identification:_identify(src) by extensions ['ignore', 'ignore_ament_install']
[4.182s] Level 1:colcon.colcon_core.package_identification:_identify(src) by extension 'ignore'
[4.188s] Level 1:colcon.colcon_core.package_identification:_identify(src) by extension 'ignore_ament_install'
[4.188s] Level 1:colcon.colcon_core.package_identification:_identify(src) by extensions ['colcon_pkg']
[4.188s] Level 1:colcon.colcon_core.package_identification:_identify(src) by extension 'colcon_pkg'
[4.188s] Level 1:colcon.colcon_core.package_identification:_identify(src) by extensions ['colcon_meta']
[4.192s] Level 1:colcon.colcon_core.package_identification:_identify(src) by extension 'colcon_meta'
[4.195s] Level 1:colcon.colcon_core.package_identification:_identify(src) by extensions ['ros']
[4.196s] Level 1:colcon.colcon_core.package_identification:_identify(src) by extension 'ros'
[4.201s] Level 1:colcon.colcon_core.package_identification:_identify(src) by extensions ['cmake', 'python']
[4.203s] Level 1:colcon.colcon_core.package_identification:_identify(src) by extension 'cmake'
[4.203s] Level 1:colcon.colcon_core.package_identification:_identify(src) by extension 'python'
[4.203s] Level 1:colcon.colcon_core.package_identification:_identify(src) by extensions ['python_setup_py']
[4.204s] Level 1:colcon.colcon_core.package_identification:_identify(src) by extension 'python_setup_py'
[4.204s] Level 1:colcon.colcon_core.package_identification:_identify(src/ssl_robot) by extensions ['ignore', 'ignore_ament_install']
[4.204s] Level 1:colcon.colcon_core.package_identification:_identify(src/ssl_robot) by extension 'ignore'
[4.205s] Level 1:colcon.colcon_core.package_identification:_identify(src/ssl_robot) by extension 'ignore_ament_install'
[4.205s] Level 1:colcon.colcon_core.package_identification:_identify(src/ssl_robot) by extensions ['colcon_pkg']
[4.205s] Level 1:colcon.colcon_core.package_identification:_identify(src/ssl_robot) by extension 'colcon_pkg'
[4.205s] Level 1:colcon.colcon_core.package_identification:_identify(src/ssl_robot) by extensions ['colcon_meta']
[4.209s] Level 1:colcon.colcon_core.package_identification:_identify(src/ssl_robot) by extension 'colcon_meta'
[4.209s] Level 1:colcon.colcon_core.package_identification:_identify(src/ssl_robot) by extensions ['ros']
[4.209s] Level 1:colcon.colcon_core.package_identification:_identify(src/ssl_robot) by extension 'ros'
[4.242s] DEBUG:colcon.colcon_core.package_identification:Package 'src/ssl_robot' with type 'ros.ament_cmake' and name 'ssl_robot'
[4.244s] Level 1:colcon.colcon_core.package_discovery:discover_packages(recursive) using defaults
[4.244s] Level 1:colcon.colcon_core.package_discovery:discover_packages(ignore) discover
[4.244s] Level 1:colcon.colcon_core.package_discovery:discover_packages(ignore) using defaults
[4.244s] Level 1:colcon.colcon_core.package_discovery:discover_packages(path) discover
[4.244s] Level 1:colcon.colcon_core.package_discovery:discover_packages(path) using defaults
[4.577s] Level 1:colcon.colcon_core.package_discovery:discover_packages(prefix_path) check parameters
[4.578s] Level 1:colcon.colcon_core.package_discovery:discover_packages(prefix_path) discover
[4.597s] WARNING:colcon.colcon_ros.prefix_path.ament:The path '/home/usman/Documents/codes/ros2_ws/install/ssl_robot' in the environment variable AMENT_PREFIX_PATH doesn't exist
[4.597s] WARNING:colcon.colcon_ros.prefix_path.catkin:The path '/home/usman/Documents/codes/ros2_ws/install/ssl_robot' in the environment variable CMAKE_PREFIX_PATH doesn't exist
[4.631s] DEBUG:colcon.colcon_installed_package_information.package_discovery:Found 0 installed packages in /home/usman/Documents/codes/ros2_ws/install
[4.690s] DEBUG:colcon.colcon_installed_package_information.package_discovery:Found 440 installed packages in /opt/ros/jazzy
[4.699s] Level 1:colcon.colcon_core.package_discovery:discover_packages(prefix_path) using defaults
[5.981s] Level 5:colcon.colcon_core.verb:set package 'ssl_robot' build argument 'cmake_args' from command line to 'None'
[5.982s] Level 5:colcon.colcon_core.verb:set package 'ssl_robot' build argument 'cmake_target' from command line to 'None'
[5.982s] Level 5:colcon.colcon_core.verb:set package 'ssl_robot' build argument 'cmake_target_skip_unavailable' from command line to 'False'
[5.983s] Level 5:colcon.colcon_core.verb:set package 'ssl_robot' build argument 'cmake_clean_cache' from command line to 'False'
[5.983s] Level 5:colcon.colcon_core.verb:set package 'ssl_robot' build argument 'cmake_clean_first' from command line to 'False'
[5.984s] Level 5:colcon.colcon_core.verb:set package 'ssl_robot' build argument 'cmake_force_configure' from command line to 'False'
[5.984s] Level 5:colcon.colcon_core.verb:set package 'ssl_robot' build argument 'ament_cmake_args' from command line to 'None'
[5.984s] Level 5:colcon.colcon_core.verb:set package 'ssl_robot' build argument 'catkin_cmake_args' from command line to 'None'
[5.984s] Level 5:colcon.colcon_core.verb:set package 'ssl_robot' build argument 'catkin_skip_building_tests' from command line to 'False'
[5.984s] DEBUG:colcon.colcon_core.verb:Building package 'ssl_robot' with the following arguments: {'ament_cmake_args': None, 'build_base': '/home/usman/Documents/codes/ros2_ws/build/ssl_robot', 'catkin_cmake_args': None, 'catkin_skip_building_tests': False, 'cmake_args': None, 'cmake_clean_cache': False, 'cmake_clean_first': False, 'cmake_force_configure': False, 'cmake_target': None, 'cmake_target_skip_unavailable': False, 'install_base': '/home/usman/Documents/codes/ros2_ws/install/ssl_robot', 'merge_install': False, 'path': '/home/usman/Documents/codes/ros2_ws/src/ssl_robot', 'symlink_install': True, 'test_result_base': None}
[5.985s] INFO:colcon.colcon_core.executor:Executing jobs using 'parallel' executor
[5.989s] DEBUG:colcon.colcon_parallel_executor.executor.parallel:run_until_complete
[5.991s] INFO:colcon.colcon_ros.task.ament_cmake.build:Building ROS package in '/home/usman/Documents/codes/ros2_ws/src/ssl_robot' with build type 'ament_cmake'
[5.992s] INFO:colcon.colcon_cmake.task.cmake.build:Building CMake package in '/home/usman/Documents/codes/ros2_ws/src/ssl_robot'
[6.018s] INFO:colcon.colcon_core.plugin_system:Skipping extension 'colcon_core.shell.bat': Not used on non-Windows systems
[6.021s] INFO:colcon.colcon_core.shell:Skip shell extension 'powershell' for command environment: Not usable outside of PowerShell
[6.021s] DEBUG:colcon.colcon_core.shell:Skip shell extension 'dsv' for command environment
[6.154s] DEBUG:colcon.colcon_core.event_handler.log_command:Invoking command in '/home/usman/Documents/codes/ros2_ws/build/ssl_robot': CMAKE_PREFIX_PATH=${CMAKE_PREFIX_PATH}:/opt/ros/jazzy DEBUGINFOD_URLS=https://debuginfod.ubuntu.com /usr/bin/cmake /home/usman/Documents/codes/ros2_ws/src/ssl_robot -DAMENT_CMAKE_SYMLINK_INSTALL=1 -DCMAKE_INSTALL_PREFIX=/home/usman/Documents/codes/ros2_ws/install/ssl_robot
[24.688s] DEBUG:colcon.colcon_core.event_handler.log_command:Invoked command in '/home/usman/Documents/codes/ros2_ws/build/ssl_robot' returned '0': CMAKE_PREFIX_PATH=${CMAKE_PREFIX_PATH}:/opt/ros/jazzy DEBUGINFOD_URLS=https://debuginfod.ubuntu.com /usr/bin/cmake /home/usman/Documents/codes/ros2_ws/src/ssl_robot -DAMENT_CMAKE_SYMLINK_INSTALL=1 -DCMAKE_INSTALL_PREFIX=/home/usman/Documents/codes/ros2_ws/install/ssl_robot
[24.705s] DEBUG:colcon.colcon_core.event_handler.log_command:Invoking command in '/home/usman/Documents/codes/ros2_ws/build/ssl_robot': CMAKE_PREFIX_PATH=${CMAKE_PREFIX_PATH}:/opt/ros/jazzy DEBUGINFOD_URLS=https://debuginfod.ubuntu.com /usr/bin/cmake --build /home/usman/Documents/codes/ros2_ws/build/ssl_robot -- -j4 -l4
[25.142s] DEBUG:colcon.colcon_core.event_handler.log_command:Invoked command in '/home/usman/Documents/codes/ros2_ws/build/ssl_robot' returned '0': CMAKE_PREFIX_PATH=${CMAKE_PREFIX_PATH}:/opt/ros/jazzy DEBUGINFOD_URLS=https://debuginfod.ubuntu.com /usr/bin/cmake --build /home/usman/Documents/codes/ros2_ws/build/ssl_robot -- -j4 -l4
[25.321s] DEBUG:colcon.colcon_core.event_handler.log_command:Invoking command in '/home/usman/Documents/codes/ros2_ws/build/ssl_robot': CMAKE_PREFIX_PATH=${CMAKE_PREFIX_PATH}:/opt/ros/jazzy DEBUGINFOD_URLS=https://debuginfod.ubuntu.com /usr/bin/cmake --install /home/usman/Documents/codes/ros2_ws/build/ssl_robot
[29.084s] Level 1:colcon.colcon_core.environment:create_environment_scripts_only(ssl_robot)
[29.087s] DEBUG:colcon.colcon_core.event_handler.log_command:Invoked command in '/home/usman/Documents/codes/ros2_ws/build/ssl_robot' returned '0': CMAKE_PREFIX_PATH=${CMAKE_PREFIX_PATH}:/opt/ros/jazzy DEBUGINFOD_URLS=https://debuginfod.ubuntu.com /usr/bin/cmake --install /home/usman/Documents/codes/ros2_ws/build/ssl_robot
[29.174s] Level 1:colcon.colcon_core.environment:checking '/home/usman/Documents/codes/ros2_ws/install/ssl_robot' for CMake module files
[29.179s] Level 1:colcon.colcon_core.environment:checking '/home/usman/Documents/codes/ros2_ws/install/ssl_robot' for CMake config files
[29.195s] Level 1:colcon.colcon_core.shell:create_environment_hook('ssl_robot', 'cmake_prefix_path')
[29.202s] INFO:colcon.colcon_core.shell:Creating environment hook '/home/usman/Documents/codes/ros2_ws/install/ssl_robot/share/ssl_robot/hook/cmake_prefix_path.ps1'
[29.215s] INFO:colcon.colcon_core.shell:Creating environment descriptor '/home/usman/Documents/codes/ros2_ws/install/ssl_robot/share/ssl_robot/hook/cmake_prefix_path.dsv'
[29.227s] INFO:colcon.colcon_core.shell:Creating environment hook '/home/usman/Documents/codes/ros2_ws/install/ssl_robot/share/ssl_robot/hook/cmake_prefix_path.sh'
[29.248s] Level 1:colcon.colcon_core.environment:checking '/home/usman/Documents/codes/ros2_ws/install/ssl_robot/lib'
[29.256s] Level 1:colcon.colcon_core.environment:checking '/home/usman/Documents/codes/ros2_ws/install/ssl_robot/bin'
[29.258s] Level 1:colcon.colcon_core.environment:checking '/home/usman/Documents/codes/ros2_ws/install/ssl_robot/lib/pkgconfig/ssl_robot.pc'
[29.267s] Level 1:colcon.colcon_core.environment:checking '/home/usman/Documents/codes/ros2_ws/install/ssl_robot/lib/python3.12/site-packages'
[29.274s] Level 1:colcon.colcon_core.environment:checking '/home/usman/Documents/codes/ros2_ws/install/ssl_robot/bin'
[29.274s] INFO:colcon.colcon_core.shell:Creating package script '/home/usman/Documents/codes/ros2_ws/install/ssl_robot/share/ssl_robot/package.ps1'
[29.288s] INFO:colcon.colcon_core.shell:Creating package descriptor '/home/usman/Documents/codes/ros2_ws/install/ssl_robot/share/ssl_robot/package.dsv'
[29.299s] INFO:colcon.colcon_core.shell:Creating package script '/home/usman/Documents/codes/ros2_ws/install/ssl_robot/share/ssl_robot/package.sh'
[29.315s] INFO:colcon.colcon_core.shell:Creating package script '/home/usman/Documents/codes/ros2_ws/install/ssl_robot/share/ssl_robot/package.bash'
[29.330s] INFO:colcon.colcon_core.shell:Creating package script '/home/usman/Documents/codes/ros2_ws/install/ssl_robot/share/ssl_robot/package.zsh'
[29.353s] Level 1:colcon.colcon_core.environment:create_file_with_runtime_dependencies(/home/usman/Documents/codes/ros2_ws/install/ssl_robot/share/colcon-core/packages/ssl_robot)
[29.362s] Level 1:colcon.colcon_core.environment:create_environment_scripts_only(ssl_robot)
[29.368s] Level 1:colcon.colcon_core.environment:checking '/home/usman/Documents/codes/ros2_ws/install/ssl_robot' for CMake module files
[29.395s] Level 1:colcon.colcon_core.environment:checking '/home/usman/Documents/codes/ros2_ws/install/ssl_robot' for CMake config files
[29.397s] Level 1:colcon.colcon_core.shell:create_environment_hook('ssl_robot', 'cmake_prefix_path')
[29.411s] INFO:colcon.colcon_core.shell:Creating environment hook '/home/usman/Documents/codes/ros2_ws/install/ssl_robot/share/ssl_robot/hook/cmake_prefix_path.ps1'
[29.420s] INFO:colcon.colcon_core.shell:Creating environment descriptor '/home/usman/Documents/codes/ros2_ws/install/ssl_robot/share/ssl_robot/hook/cmake_prefix_path.dsv'
[29.423s] INFO:colcon.colcon_core.shell:Creating environment hook '/home/usman/Documents/codes/ros2_ws/install/ssl_robot/share/ssl_robot/hook/cmake_prefix_path.sh'
[29.428s] Level 1:colcon.colcon_core.environment:checking '/home/usman/Documents/codes/ros2_ws/install/ssl_robot/lib'
[29.429s] Level 1:colcon.colcon_core.environment:checking '/home/usman/Documents/codes/ros2_ws/install/ssl_robot/bin'
[29.429s] Level 1:colcon.colcon_core.environment:checking '/home/usman/Documents/codes/ros2_ws/install/ssl_robot/lib/pkgconfig/ssl_robot.pc'
[29.435s] Level 1:colcon.colcon_core.environment:checking '/home/usman/Documents/codes/ros2_ws/install/ssl_robot/lib/python3.12/site-packages'
[29.437s] Level 1:colcon.colcon_core.environment:checking '/home/usman/Documents/codes/ros2_ws/install/ssl_robot/bin'
[29.441s] INFO:colcon.colcon_core.shell:Creating package script '/home/usman/Documents/codes/ros2_ws/install/ssl_robot/share/ssl_robot/package.ps1'
[29.445s] INFO:colcon.colcon_core.shell:Creating package descriptor '/home/usman/Documents/codes/ros2_ws/install/ssl_robot/share/ssl_robot/package.dsv'
[29.453s] INFO:colcon.colcon_core.shell:Creating package script '/home/usman/Documents/codes/ros2_ws/install/ssl_robot/share/ssl_robot/package.sh'
[29.457s] INFO:colcon.colcon_core.shell:Creating package script '/home/usman/Documents/codes/ros2_ws/install/ssl_robot/share/ssl_robot/package.bash'
[29.461s] INFO:colcon.colcon_core.shell:Creating package script '/home/usman/Documents/codes/ros2_ws/install/ssl_robot/share/ssl_robot/package.zsh'
[29.465s] Level 1:colcon.colcon_core.environment:create_file_with_runtime_dependencies(/home/usman/Documents/codes/ros2_ws/install/ssl_robot/share/colcon-core/packages/ssl_robot)
[29.468s] DEBUG:colcon.colcon_parallel_executor.executor.parallel:closing loop
[29.470s] DEBUG:colcon.colcon_parallel_executor.executor.parallel:loop closed
[29.470s] DEBUG:colcon.colcon_parallel_executor.executor.parallel:run_until_complete finished with '0'
[29.470s] DEBUG:colcon.colcon_core.event_reactor:joining thread
[29.641s] INFO:colcon.colcon_core.plugin_system:Skipping extension 'colcon_notification.desktop_notification.terminal_notifier': Not used on non-Darwin systems
[29.642s] INFO:colcon.colcon_core.plugin_system:Skipping extension 'colcon_notification.desktop_notification.win32': Not used on non-Windows systems
[29.642s] INFO:colcon.colcon_notification.desktop_notification:Sending desktop notification using 'notify2'
[29.766s] DEBUG:colcon.colcon_core.event_reactor:joined thread
[29.767s] INFO:colcon.colcon_core.shell:Creating prefix script '/home/usman/Documents/codes/ros2_ws/install/local_setup.ps1'
[29.777s] INFO:colcon.colcon_core.shell:Creating prefix util module '/home/usman/Documents/codes/ros2_ws/install/_local_setup_util_ps1.py'
[29.800s] INFO:colcon.colcon_core.shell:Creating prefix chain script '/home/usman/Documents/codes/ros2_ws/install/setup.ps1'
[29.806s] INFO:colcon.colcon_core.shell:Creating prefix script '/home/usman/Documents/codes/ros2_ws/install/local_setup.sh'
[29.821s] INFO:colcon.colcon_core.shell:Creating prefix util module '/home/usman/Documents/codes/ros2_ws/install/_local_setup_util_sh.py'
[29.865s] INFO:colcon.colcon_core.shell:Creating prefix chain script '/home/usman/Documents/codes/ros2_ws/install/setup.sh'
[29.887s] INFO:colcon.colcon_core.shell:Creating prefix script '/home/usman/Documents/codes/ros2_ws/install/local_setup.bash'
[29.890s] INFO:colcon.colcon_core.shell:Creating prefix chain script '/home/usman/Documents/codes/ros2_ws/install/setup.bash'
[29.902s] INFO:colcon.colcon_core.shell:Creating prefix script '/home/usman/Documents/codes/ros2_ws/install/local_setup.zsh'
[29.908s] INFO:colcon.colcon_core.shell:Creating prefix chain script '/home/usman/Documents/codes/ros2_ws/install/setup.zsh'
