[0.021s] Invoking command in '/home/usman/Documents/codes/ros2_ws/build/ssl_robot': CMAKE_PREFIX_PATH=${CMAKE_PREFIX_PATH}:/opt/ros/jazzy DEBUGINFOD_URLS=https://debuginfod.ubuntu.com /usr/bin/cmake --build /home/usman/Documents/codes/ros2_ws/build/ssl_robot -- -j4 -l4
[0.090s] Invoked command in '/home/usman/Documents/codes/ros2_ws/build/ssl_robot' returned '0': CMAKE_PREFIX_PATH=${CMAKE_PREFIX_PATH}:/opt/ros/jazzy DEBUGINFOD_URLS=https://debuginfod.ubuntu.com /usr/bin/cmake --build /home/usman/Documents/codes/ros2_ws/build/ssl_robot -- -j4 -l4
[0.107s] Invoking command in '/home/usman/Documents/codes/ros2_ws/build/ssl_robot': CMAKE_PREFIX_PATH=${CMAKE_PREFIX_PATH}:/opt/ros/jazzy DEBUGINFOD_URLS=https://debuginfod.ubuntu.com /usr/bin/cmake --install /home/usman/Documents/codes/ros2_ws/build/ssl_robot
[0.119s] -- Install configuration: ""
[0.120s] -- Execute custom install script
[0.121s] -- Up-to-date symlink: /home/usman/Documents/codes/ros2_ws/install/ssl_robot/share/ssl_robot/urdf/robot.urdf
[0.122s] -- Up-to-date symlink: /home/usman/Documents/codes/ros2_ws/install/ssl_robot/share/ssl_robot/meshes/base_link.STL
[0.123s] -- Up-to-date symlink: /home/usman/Documents/codes/ros2_ws/install/ssl_robot/share/ssl_robot/meshes/link_BL.STL
[0.123s] -- Up-to-date symlink: /home/usman/Documents/codes/ros2_ws/install/ssl_robot/share/ssl_robot/meshes/link_BR.STL
[0.124s] -- Up-to-date symlink: /home/usman/Documents/codes/ros2_ws/install/ssl_robot/share/ssl_robot/meshes/link_FL.STL
[0.124s] -- Up-to-date symlink: /home/usman/Documents/codes/ros2_ws/install/ssl_robot/share/ssl_robot/meshes/link_FR.STL
[0.125s] -- Up-to-date symlink: /home/usman/Documents/codes/ros2_ws/install/ssl_robot/share/ssl_robot/launch/simulation.launch.py
[0.126s] -- Up-to-date symlink: /home/usman/Documents/codes/ros2_ws/install/ssl_robot/share/ssl_robot/worlds/ssl_field.world
[0.126s] -- Up-to-date symlink: /home/usman/Documents/codes/ros2_ws/install/ssl_robot/lib/ssl_robot/gui_controller.py
[0.127s] -- Up-to-date symlink: /home/usman/Documents/codes/ros2_ws/install/ssl_robot/share/ament_index/resource_index/package_run_dependencies/ssl_robot
[0.128s] -- Up-to-date symlink: /home/usman/Documents/codes/ros2_ws/install/ssl_robot/share/ament_index/resource_index/parent_prefix_path/ssl_robot
[0.128s] -- Up-to-date symlink: /home/usman/Documents/codes/ros2_ws/install/ssl_robot/share/ssl_robot/environment/ament_prefix_path.sh
[0.129s] -- Up-to-date symlink: /home/usman/Documents/codes/ros2_ws/install/ssl_robot/share/ssl_robot/environment/ament_prefix_path.dsv
[0.129s] -- Up-to-date symlink: /home/usman/Documents/codes/ros2_ws/install/ssl_robot/share/ssl_robot/environment/path.sh
[0.130s] -- Up-to-date symlink: /home/usman/Documents/codes/ros2_ws/install/ssl_robot/share/ssl_robot/environment/path.dsv
[0.130s] -- Up-to-date symlink: /home/usman/Documents/codes/ros2_ws/install/ssl_robot/share/ssl_robot/local_setup.bash
[0.131s] -- Up-to-date symlink: /home/usman/Documents/codes/ros2_ws/install/ssl_robot/share/ssl_robot/local_setup.sh
[0.132s] -- Up-to-date symlink: /home/usman/Documents/codes/ros2_ws/install/ssl_robot/share/ssl_robot/local_setup.zsh
[0.132s] -- Up-to-date symlink: /home/usman/Documents/codes/ros2_ws/install/ssl_robot/share/ssl_robot/local_setup.dsv
[0.132s] -- Symlinking: /home/usman/Documents/codes/ros2_ws/install/ssl_robot/share/ssl_robot/package.dsv
[0.148s] -- Up-to-date symlink: /home/usman/Documents/codes/ros2_ws/install/ssl_robot/share/ament_index/resource_index/packages/ssl_robot
[0.148s] -- Up-to-date symlink: /home/usman/Documents/codes/ros2_ws/install/ssl_robot/share/ssl_robot/cmake/ssl_robotConfig.cmake
[0.149s] -- Up-to-date symlink: /home/usman/Documents/codes/ros2_ws/install/ssl_robot/share/ssl_robot/cmake/ssl_robotConfig-version.cmake
[0.150s] -- Up-to-date symlink: /home/usman/Documents/codes/ros2_ws/install/ssl_robot/share/ssl_robot/package.xml
[0.153s] Invoked command in '/home/usman/Documents/codes/ros2_ws/build/ssl_robot' returned '0': CMAKE_PREFIX_PATH=${CMAKE_PREFIX_PATH}:/opt/ros/jazzy DEBUGINFOD_URLS=https://debuginfod.ubuntu.com /usr/bin/cmake --install /home/usman/Documents/codes/ros2_ws/build/ssl_robot
