[1.405s] DEBUG:colcon:Command line arguments: ['/usr/bin/colcon', 'build', '--symlink-install']
[1.405s] DEBUG:colcon:Parsed command line arguments: Namespace(log_base=None, log_level=None, verb_name='build', build_base='build', install_base='install', merge_install=False, symlink_install=True, test_result_base=None, continue_on_error=False, executor='parallel', parallel_workers=4, event_handlers=None, ignore_user_meta=False, metas=['./colcon.meta'], base_paths=['.'], packages_ignore=None, packages_ignore_regex=None, paths=None, packages_up_to=None, packages_up_to_regex=None, packages_above=None, packages_above_and_dependencies=None, packages_above_depth=None, packages_select_by_dep=None, packages_skip_by_dep=None, packages_skip_up_to=None, packages_select_build_failed=False, packages_skip_build_finished=False, packages_select_test_failures=False, packages_skip_test_passed=False, packages_select=None, packages_skip=None, packages_select_regex=None, packages_skip_regex=None, packages_start=None, packages_end=None, allow_overriding=[], cmake_args=None, cmake_target=None, cmake_target_skip_unavailable=False, cmake_clean_cache=False, cmake_clean_first=False, cmake_force_configure=False, ament_cmake_args=None, catkin_cmake_args=None, catkin_skip_building_tests=False, mixin_files=None, mixin=None, verb_parser=<colcon_mixin.mixin.mixin_argument.MixinArgumentDecorator object at 0x7cf9e5ea9f10>, verb_extension=<colcon_core.verb.build.BuildVerb object at 0x7cf9e5ea9ac0>, main=<bound method BuildVerb.main of <colcon_core.verb.build.BuildVerb object at 0x7cf9e5ea9ac0>>, mixin_verb=('build',))
[1.736s] Level 1:colcon.colcon_core.package_discovery:discover_packages(colcon_meta) check parameters
[1.737s] Level 1:colcon.colcon_core.package_discovery:discover_packages(recursive) check parameters
[1.739s] Level 1:colcon.colcon_core.package_discovery:discover_packages(ignore) check parameters
[1.740s] Level 1:colcon.colcon_core.package_discovery:discover_packages(path) check parameters
[1.740s] Level 1:colcon.colcon_core.package_discovery:discover_packages(colcon_meta) discover
[1.740s] Level 1:colcon.colcon_core.package_discovery:discover_packages(recursive) discover
[1.740s] INFO:colcon.colcon_core.package_discovery:Crawling recursively for packages in '/home/usman/Documents/codes/ros2_ws'
[1.740s] Level 1:colcon.colcon_core.package_identification:_identify(.) by extensions ['ignore', 'ignore_ament_install']
[1.743s] Level 1:colcon.colcon_core.package_identification:_identify(.) by extension 'ignore'
[1.744s] Level 1:colcon.colcon_core.package_identification:_identify(.) by extension 'ignore_ament_install'
[1.744s] Level 1:colcon.colcon_core.package_identification:_identify(.) by extensions ['colcon_pkg']
[1.744s] Level 1:colcon.colcon_core.package_identification:_identify(.) by extension 'colcon_pkg'
[1.744s] Level 1:colcon.colcon_core.package_identification:_identify(.) by extensions ['colcon_meta']
[1.744s] Level 1:colcon.colcon_core.package_identification:_identify(.) by extension 'colcon_meta'
[1.744s] Level 1:colcon.colcon_core.package_identification:_identify(.) by extensions ['ros']
[1.744s] Level 1:colcon.colcon_core.package_identification:_identify(.) by extension 'ros'
[1.929s] Level 1:colcon.colcon_core.package_identification:_identify(.) by extensions ['cmake', 'python']
[1.929s] Level 1:colcon.colcon_core.package_identification:_identify(.) by extension 'cmake'
[1.929s] Level 1:colcon.colcon_core.package_identification:_identify(.) by extension 'python'
[1.930s] Level 1:colcon.colcon_core.package_identification:_identify(.) by extensions ['python_setup_py']
[1.930s] Level 1:colcon.colcon_core.package_identification:_identify(.) by extension 'python_setup_py'
[1.930s] Level 1:colcon.colcon_core.package_identification:_identify(build) by extensions ['ignore', 'ignore_ament_install']
[1.930s] Level 1:colcon.colcon_core.package_identification:_identify(build) by extension 'ignore'
[1.930s] Level 1:colcon.colcon_core.package_identification:_identify(build) ignored
[1.931s] Level 1:colcon.colcon_core.package_identification:_identify(install) by extensions ['ignore', 'ignore_ament_install']
[1.931s] Level 1:colcon.colcon_core.package_identification:_identify(install) by extension 'ignore'
[1.932s] Level 1:colcon.colcon_core.package_identification:_identify(install) ignored
[1.932s] Level 1:colcon.colcon_core.package_identification:_identify(log) by extensions ['ignore', 'ignore_ament_install']
[1.933s] Level 1:colcon.colcon_core.package_identification:_identify(log) by extension 'ignore'
[1.933s] Level 1:colcon.colcon_core.package_identification:_identify(log) ignored
[1.934s] Level 1:colcon.colcon_core.package_identification:_identify(src) by extensions ['ignore', 'ignore_ament_install']
[1.934s] Level 1:colcon.colcon_core.package_identification:_identify(src) by extension 'ignore'
[1.934s] Level 1:colcon.colcon_core.package_identification:_identify(src) by extension 'ignore_ament_install'
[1.935s] Level 1:colcon.colcon_core.package_identification:_identify(src) by extensions ['colcon_pkg']
[1.935s] Level 1:colcon.colcon_core.package_identification:_identify(src) by extension 'colcon_pkg'
[1.935s] Level 1:colcon.colcon_core.package_identification:_identify(src) by extensions ['colcon_meta']
[1.935s] Level 1:colcon.colcon_core.package_identification:_identify(src) by extension 'colcon_meta'
[1.935s] Level 1:colcon.colcon_core.package_identification:_identify(src) by extensions ['ros']
[1.936s] Level 1:colcon.colcon_core.package_identification:_identify(src) by extension 'ros'
[1.937s] Level 1:colcon.colcon_core.package_identification:_identify(src) by extensions ['cmake', 'python']
[1.937s] Level 1:colcon.colcon_core.package_identification:_identify(src) by extension 'cmake'
[1.937s] Level 1:colcon.colcon_core.package_identification:_identify(src) by extension 'python'
[1.937s] Level 1:colcon.colcon_core.package_identification:_identify(src) by extensions ['python_setup_py']
[1.938s] Level 1:colcon.colcon_core.package_identification:_identify(src) by extension 'python_setup_py'
[1.938s] Level 1:colcon.colcon_core.package_identification:_identify(src/ssl_robot) by extensions ['ignore', 'ignore_ament_install']
[1.939s] Level 1:colcon.colcon_core.package_identification:_identify(src/ssl_robot) by extension 'ignore'
[1.939s] Level 1:colcon.colcon_core.package_identification:_identify(src/ssl_robot) by extension 'ignore_ament_install'
[1.940s] Level 1:colcon.colcon_core.package_identification:_identify(src/ssl_robot) by extensions ['colcon_pkg']
[1.940s] Level 1:colcon.colcon_core.package_identification:_identify(src/ssl_robot) by extension 'colcon_pkg'
[1.940s] Level 1:colcon.colcon_core.package_identification:_identify(src/ssl_robot) by extensions ['colcon_meta']
[1.940s] Level 1:colcon.colcon_core.package_identification:_identify(src/ssl_robot) by extension 'colcon_meta'
[1.940s] Level 1:colcon.colcon_core.package_identification:_identify(src/ssl_robot) by extensions ['ros']
[1.940s] Level 1:colcon.colcon_core.package_identification:_identify(src/ssl_robot) by extension 'ros'
[1.957s] DEBUG:colcon.colcon_core.package_identification:Package 'src/ssl_robot' with type 'ros.ament_cmake' and name 'ssl_robot'
[1.959s] Level 1:colcon.colcon_core.package_discovery:discover_packages(recursive) using defaults
[1.959s] Level 1:colcon.colcon_core.package_discovery:discover_packages(ignore) discover
[1.960s] Level 1:colcon.colcon_core.package_discovery:discover_packages(ignore) using defaults
[1.960s] Level 1:colcon.colcon_core.package_discovery:discover_packages(path) discover
[1.960s] Level 1:colcon.colcon_core.package_discovery:discover_packages(path) using defaults
[2.162s] Level 1:colcon.colcon_core.package_discovery:discover_packages(prefix_path) check parameters
[2.163s] Level 1:colcon.colcon_core.package_discovery:discover_packages(prefix_path) discover
[2.190s] DEBUG:colcon.colcon_installed_package_information.package_discovery:Found 1 installed packages in /home/usman/Documents/codes/ros2_ws/install
[2.210s] DEBUG:colcon.colcon_installed_package_information.package_discovery:Found 440 installed packages in /opt/ros/jazzy
[2.228s] Level 1:colcon.colcon_core.package_discovery:discover_packages(prefix_path) using defaults
[2.893s] Level 5:colcon.colcon_core.verb:set package 'ssl_robot' build argument 'cmake_args' from command line to 'None'
[2.894s] Level 5:colcon.colcon_core.verb:set package 'ssl_robot' build argument 'cmake_target' from command line to 'None'
[2.894s] Level 5:colcon.colcon_core.verb:set package 'ssl_robot' build argument 'cmake_target_skip_unavailable' from command line to 'False'
[2.894s] Level 5:colcon.colcon_core.verb:set package 'ssl_robot' build argument 'cmake_clean_cache' from command line to 'False'
[2.894s] Level 5:colcon.colcon_core.verb:set package 'ssl_robot' build argument 'cmake_clean_first' from command line to 'False'
[2.894s] Level 5:colcon.colcon_core.verb:set package 'ssl_robot' build argument 'cmake_force_configure' from command line to 'False'
[2.894s] Level 5:colcon.colcon_core.verb:set package 'ssl_robot' build argument 'ament_cmake_args' from command line to 'None'
[2.894s] Level 5:colcon.colcon_core.verb:set package 'ssl_robot' build argument 'catkin_cmake_args' from command line to 'None'
[2.894s] Level 5:colcon.colcon_core.verb:set package 'ssl_robot' build argument 'catkin_skip_building_tests' from command line to 'False'
[2.895s] DEBUG:colcon.colcon_core.verb:Building package 'ssl_robot' with the following arguments: {'ament_cmake_args': None, 'build_base': '/home/usman/Documents/codes/ros2_ws/build/ssl_robot', 'catkin_cmake_args': None, 'catkin_skip_building_tests': False, 'cmake_args': None, 'cmake_clean_cache': False, 'cmake_clean_first': False, 'cmake_force_configure': False, 'cmake_target': None, 'cmake_target_skip_unavailable': False, 'install_base': '/home/usman/Documents/codes/ros2_ws/install/ssl_robot', 'merge_install': False, 'path': '/home/usman/Documents/codes/ros2_ws/src/ssl_robot', 'symlink_install': True, 'test_result_base': None}
[2.895s] INFO:colcon.colcon_core.executor:Executing jobs using 'parallel' executor
[2.899s] DEBUG:colcon.colcon_parallel_executor.executor.parallel:run_until_complete
[2.900s] INFO:colcon.colcon_ros.task.ament_cmake.build:Building ROS package in '/home/usman/Documents/codes/ros2_ws/src/ssl_robot' with build type 'ament_cmake'
[2.902s] INFO:colcon.colcon_cmake.task.cmake.build:Building CMake package in '/home/usman/Documents/codes/ros2_ws/src/ssl_robot'
[2.918s] INFO:colcon.colcon_core.plugin_system:Skipping extension 'colcon_core.shell.bat': Not used on non-Windows systems
[2.921s] INFO:colcon.colcon_core.shell:Skip shell extension 'powershell' for command environment: Not usable outside of PowerShell
[2.921s] DEBUG:colcon.colcon_core.shell:Skip shell extension 'dsv' for command environment
[2.971s] DEBUG:colcon.colcon_core.event_handler.log_command:Invoking command in '/home/usman/Documents/codes/ros2_ws/build/ssl_robot': CMAKE_PREFIX_PATH=${CMAKE_PREFIX_PATH}:/opt/ros/jazzy DEBUGINFOD_URLS=https://debuginfod.ubuntu.com /usr/bin/cmake --build /home/usman/Documents/codes/ros2_ws/build/ssl_robot -- -j4 -l4
[3.343s] DEBUG:colcon.colcon_core.event_handler.log_command:Invoked command in '/home/usman/Documents/codes/ros2_ws/build/ssl_robot' returned '0': CMAKE_PREFIX_PATH=${CMAKE_PREFIX_PATH}:/opt/ros/jazzy DEBUGINFOD_URLS=https://debuginfod.ubuntu.com /usr/bin/cmake --build /home/usman/Documents/codes/ros2_ws/build/ssl_robot -- -j4 -l4
[3.379s] DEBUG:colcon.colcon_core.event_handler.log_command:Invoking command in '/home/usman/Documents/codes/ros2_ws/build/ssl_robot': CMAKE_PREFIX_PATH=${CMAKE_PREFIX_PATH}:/opt/ros/jazzy DEBUGINFOD_URLS=https://debuginfod.ubuntu.com /usr/bin/cmake --install /home/usman/Documents/codes/ros2_ws/build/ssl_robot
[3.519s] Level 1:colcon.colcon_core.environment:create_environment_scripts_only(ssl_robot)
[3.522s] DEBUG:colcon.colcon_core.event_handler.log_command:Invoked command in '/home/usman/Documents/codes/ros2_ws/build/ssl_robot' returned '0': CMAKE_PREFIX_PATH=${CMAKE_PREFIX_PATH}:/opt/ros/jazzy DEBUGINFOD_URLS=https://debuginfod.ubuntu.com /usr/bin/cmake --install /home/usman/Documents/codes/ros2_ws/build/ssl_robot
[3.546s] Level 1:colcon.colcon_core.environment:checking '/home/usman/Documents/codes/ros2_ws/install/ssl_robot' for CMake module files
[3.549s] Level 1:colcon.colcon_core.environment:checking '/home/usman/Documents/codes/ros2_ws/install/ssl_robot' for CMake config files
[3.553s] Level 1:colcon.colcon_core.shell:create_environment_hook('ssl_robot', 'cmake_prefix_path')
[3.553s] INFO:colcon.colcon_core.shell:Creating environment hook '/home/usman/Documents/codes/ros2_ws/install/ssl_robot/share/ssl_robot/hook/cmake_prefix_path.ps1'
[3.559s] INFO:colcon.colcon_core.shell:Creating environment descriptor '/home/usman/Documents/codes/ros2_ws/install/ssl_robot/share/ssl_robot/hook/cmake_prefix_path.dsv'
[3.561s] INFO:colcon.colcon_core.shell:Creating environment hook '/home/usman/Documents/codes/ros2_ws/install/ssl_robot/share/ssl_robot/hook/cmake_prefix_path.sh'
[3.566s] Level 1:colcon.colcon_core.environment:checking '/home/usman/Documents/codes/ros2_ws/install/ssl_robot/lib'
[3.569s] Level 1:colcon.colcon_core.environment:checking '/home/usman/Documents/codes/ros2_ws/install/ssl_robot/bin'
[3.569s] Level 1:colcon.colcon_core.environment:checking '/home/usman/Documents/codes/ros2_ws/install/ssl_robot/lib/pkgconfig/ssl_robot.pc'
[3.570s] Level 1:colcon.colcon_core.environment:checking '/home/usman/Documents/codes/ros2_ws/install/ssl_robot/lib/python3.12/site-packages'
[3.572s] Level 1:colcon.colcon_core.environment:checking '/home/usman/Documents/codes/ros2_ws/install/ssl_robot/bin'
[3.573s] INFO:colcon.colcon_core.shell:Creating package script '/home/usman/Documents/codes/ros2_ws/install/ssl_robot/share/ssl_robot/package.ps1'
[3.578s] INFO:colcon.colcon_core.shell:Creating package descriptor '/home/usman/Documents/codes/ros2_ws/install/ssl_robot/share/ssl_robot/package.dsv'
[3.581s] INFO:colcon.colcon_core.shell:Creating package script '/home/usman/Documents/codes/ros2_ws/install/ssl_robot/share/ssl_robot/package.sh'
[3.586s] INFO:colcon.colcon_core.shell:Creating package script '/home/usman/Documents/codes/ros2_ws/install/ssl_robot/share/ssl_robot/package.bash'
[3.591s] INFO:colcon.colcon_core.shell:Creating package script '/home/usman/Documents/codes/ros2_ws/install/ssl_robot/share/ssl_robot/package.zsh'
[3.595s] Level 1:colcon.colcon_core.environment:create_file_with_runtime_dependencies(/home/usman/Documents/codes/ros2_ws/install/ssl_robot/share/colcon-core/packages/ssl_robot)
[3.599s] Level 1:colcon.colcon_core.environment:create_environment_scripts_only(ssl_robot)
[3.600s] Level 1:colcon.colcon_core.environment:checking '/home/usman/Documents/codes/ros2_ws/install/ssl_robot' for CMake module files
[3.604s] Level 1:colcon.colcon_core.environment:checking '/home/usman/Documents/codes/ros2_ws/install/ssl_robot' for CMake config files
[3.604s] Level 1:colcon.colcon_core.shell:create_environment_hook('ssl_robot', 'cmake_prefix_path')
[3.605s] INFO:colcon.colcon_core.shell:Creating environment hook '/home/usman/Documents/codes/ros2_ws/install/ssl_robot/share/ssl_robot/hook/cmake_prefix_path.ps1'
[3.610s] INFO:colcon.colcon_core.shell:Creating environment descriptor '/home/usman/Documents/codes/ros2_ws/install/ssl_robot/share/ssl_robot/hook/cmake_prefix_path.dsv'
[3.611s] INFO:colcon.colcon_core.shell:Creating environment hook '/home/usman/Documents/codes/ros2_ws/install/ssl_robot/share/ssl_robot/hook/cmake_prefix_path.sh'
[3.613s] Level 1:colcon.colcon_core.environment:checking '/home/usman/Documents/codes/ros2_ws/install/ssl_robot/lib'
[3.616s] Level 1:colcon.colcon_core.environment:checking '/home/usman/Documents/codes/ros2_ws/install/ssl_robot/bin'
[3.616s] Level 1:colcon.colcon_core.environment:checking '/home/usman/Documents/codes/ros2_ws/install/ssl_robot/lib/pkgconfig/ssl_robot.pc'
[3.617s] Level 1:colcon.colcon_core.environment:checking '/home/usman/Documents/codes/ros2_ws/install/ssl_robot/lib/python3.12/site-packages'
[3.620s] Level 1:colcon.colcon_core.environment:checking '/home/usman/Documents/codes/ros2_ws/install/ssl_robot/bin'
[3.620s] INFO:colcon.colcon_core.shell:Creating package script '/home/usman/Documents/codes/ros2_ws/install/ssl_robot/share/ssl_robot/package.ps1'
[3.626s] INFO:colcon.colcon_core.shell:Creating package descriptor '/home/usman/Documents/codes/ros2_ws/install/ssl_robot/share/ssl_robot/package.dsv'
[3.627s] INFO:colcon.colcon_core.shell:Creating package script '/home/usman/Documents/codes/ros2_ws/install/ssl_robot/share/ssl_robot/package.sh'
[3.628s] INFO:colcon.colcon_core.shell:Creating package script '/home/usman/Documents/codes/ros2_ws/install/ssl_robot/share/ssl_robot/package.bash'
[3.635s] INFO:colcon.colcon_core.shell:Creating package script '/home/usman/Documents/codes/ros2_ws/install/ssl_robot/share/ssl_robot/package.zsh'
[3.642s] Level 1:colcon.colcon_core.environment:create_file_with_runtime_dependencies(/home/usman/Documents/codes/ros2_ws/install/ssl_robot/share/colcon-core/packages/ssl_robot)
[3.642s] DEBUG:colcon.colcon_parallel_executor.executor.parallel:closing loop
[3.643s] DEBUG:colcon.colcon_parallel_executor.executor.parallel:loop closed
[3.643s] DEBUG:colcon.colcon_parallel_executor.executor.parallel:run_until_complete finished with '0'
[3.643s] DEBUG:colcon.colcon_core.event_reactor:joining thread
[3.686s] INFO:colcon.colcon_core.plugin_system:Skipping extension 'colcon_notification.desktop_notification.terminal_notifier': Not used on non-Darwin systems
[3.689s] INFO:colcon.colcon_core.plugin_system:Skipping extension 'colcon_notification.desktop_notification.win32': Not used on non-Windows systems
[3.690s] INFO:colcon.colcon_notification.desktop_notification:Sending desktop notification using 'notify2'
[3.764s] DEBUG:colcon.colcon_core.event_reactor:joined thread
[3.765s] INFO:colcon.colcon_core.shell:Creating prefix script '/home/usman/Documents/codes/ros2_ws/install/local_setup.ps1'
[3.770s] INFO:colcon.colcon_core.shell:Creating prefix util module '/home/usman/Documents/codes/ros2_ws/install/_local_setup_util_ps1.py'
[3.776s] INFO:colcon.colcon_core.shell:Creating prefix chain script '/home/usman/Documents/codes/ros2_ws/install/setup.ps1'
[3.782s] INFO:colcon.colcon_core.shell:Creating prefix script '/home/usman/Documents/codes/ros2_ws/install/local_setup.sh'
[3.786s] INFO:colcon.colcon_core.shell:Creating prefix util module '/home/usman/Documents/codes/ros2_ws/install/_local_setup_util_sh.py'
[3.791s] INFO:colcon.colcon_core.shell:Creating prefix chain script '/home/usman/Documents/codes/ros2_ws/install/setup.sh'
[3.797s] INFO:colcon.colcon_core.shell:Creating prefix script '/home/usman/Documents/codes/ros2_ws/install/local_setup.bash'
[3.800s] INFO:colcon.colcon_core.shell:Creating prefix chain script '/home/usman/Documents/codes/ros2_ws/install/setup.bash'
[3.806s] INFO:colcon.colcon_core.shell:Creating prefix script '/home/usman/Documents/codes/ros2_ws/install/local_setup.zsh'
[3.809s] INFO:colcon.colcon_core.shell:Creating prefix chain script '/home/usman/Documents/codes/ros2_ws/install/setup.zsh'
