[1.520s] DEBUG:colcon:Command line arguments: ['/usr/bin/colcon', 'build', '--symlink-install']
[1.521s] DEBUG:colcon:Parsed command line arguments: Namespace(log_base=None, log_level=None, verb_name='build', build_base='build', install_base='install', merge_install=False, symlink_install=True, test_result_base=None, continue_on_error=False, executor='parallel', parallel_workers=4, event_handlers=None, ignore_user_meta=False, metas=['./colcon.meta'], base_paths=['.'], packages_ignore=None, packages_ignore_regex=None, paths=None, packages_up_to=None, packages_up_to_regex=None, packages_above=None, packages_above_and_dependencies=None, packages_above_depth=None, packages_select_by_dep=None, packages_skip_by_dep=None, packages_skip_up_to=None, packages_select_build_failed=False, packages_skip_build_finished=False, packages_select_test_failures=False, packages_skip_test_passed=False, packages_select=None, packages_skip=None, packages_select_regex=None, packages_skip_regex=None, packages_start=None, packages_end=None, allow_overriding=[], cmake_args=None, cmake_target=None, cmake_target_skip_unavailable=False, cmake_clean_cache=False, cmake_clean_first=False, cmake_force_configure=False, ament_cmake_args=None, catkin_cmake_args=None, catkin_skip_building_tests=False, mixin_files=None, mixin=None, verb_parser=<colcon_mixin.mixin.mixin_argument.MixinArgumentDecorator object at 0x7c2fdb7b2090>, verb_extension=<colcon_core.verb.build.BuildVerb object at 0x7c2fdb7b1ac0>, main=<bound method BuildVerb.main of <colcon_core.verb.build.BuildVerb object at 0x7c2fdb7b1ac0>>, mixin_verb=('build',))
[2.062s] Level 1:colcon.colcon_core.package_discovery:discover_packages(colcon_meta) check parameters
[2.062s] Level 1:colcon.colcon_core.package_discovery:discover_packages(recursive) check parameters
[2.062s] Level 1:colcon.colcon_core.package_discovery:discover_packages(ignore) check parameters
[2.062s] Level 1:colcon.colcon_core.package_discovery:discover_packages(path) check parameters
[2.063s] Level 1:colcon.colcon_core.package_discovery:discover_packages(colcon_meta) discover
[2.063s] Level 1:colcon.colcon_core.package_discovery:discover_packages(recursive) discover
[2.063s] INFO:colcon.colcon_core.package_discovery:Crawling recursively for packages in '/home/usman/Documents/codes/ros2_ws'
[2.063s] Level 1:colcon.colcon_core.package_identification:_identify(.) by extensions ['ignore', 'ignore_ament_install']
[2.063s] Level 1:colcon.colcon_core.package_identification:_identify(.) by extension 'ignore'
[2.063s] Level 1:colcon.colcon_core.package_identification:_identify(.) by extension 'ignore_ament_install'
[2.066s] Level 1:colcon.colcon_core.package_identification:_identify(.) by extensions ['colcon_pkg']
[2.066s] Level 1:colcon.colcon_core.package_identification:_identify(.) by extension 'colcon_pkg'
[2.066s] Level 1:colcon.colcon_core.package_identification:_identify(.) by extensions ['colcon_meta']
[2.066s] Level 1:colcon.colcon_core.package_identification:_identify(.) by extension 'colcon_meta'
[2.066s] Level 1:colcon.colcon_core.package_identification:_identify(.) by extensions ['ros']
[2.066s] Level 1:colcon.colcon_core.package_identification:_identify(.) by extension 'ros'
[2.248s] Level 1:colcon.colcon_core.package_identification:_identify(.) by extensions ['cmake', 'python']
[2.248s] Level 1:colcon.colcon_core.package_identification:_identify(.) by extension 'cmake'
[2.249s] Level 1:colcon.colcon_core.package_identification:_identify(.) by extension 'python'
[2.249s] Level 1:colcon.colcon_core.package_identification:_identify(.) by extensions ['python_setup_py']
[2.252s] Level 1:colcon.colcon_core.package_identification:_identify(.) by extension 'python_setup_py'
[2.252s] Level 1:colcon.colcon_core.package_identification:_identify(build) by extensions ['ignore', 'ignore_ament_install']
[2.253s] Level 1:colcon.colcon_core.package_identification:_identify(build) by extension 'ignore'
[2.253s] Level 1:colcon.colcon_core.package_identification:_identify(build) ignored
[2.253s] Level 1:colcon.colcon_core.package_identification:_identify(install) by extensions ['ignore', 'ignore_ament_install']
[2.253s] Level 1:colcon.colcon_core.package_identification:_identify(install) by extension 'ignore'
[2.253s] Level 1:colcon.colcon_core.package_identification:_identify(install) ignored
[2.253s] Level 1:colcon.colcon_core.package_identification:_identify(log) by extensions ['ignore', 'ignore_ament_install']
[2.256s] Level 1:colcon.colcon_core.package_identification:_identify(log) by extension 'ignore'
[2.256s] Level 1:colcon.colcon_core.package_identification:_identify(log) ignored
[2.256s] Level 1:colcon.colcon_core.package_identification:_identify(src) by extensions ['ignore', 'ignore_ament_install']
[2.257s] Level 1:colcon.colcon_core.package_identification:_identify(src) by extension 'ignore'
[2.258s] Level 1:colcon.colcon_core.package_identification:_identify(src) by extension 'ignore_ament_install'
[2.258s] Level 1:colcon.colcon_core.package_identification:_identify(src) by extensions ['colcon_pkg']
[2.258s] Level 1:colcon.colcon_core.package_identification:_identify(src) by extension 'colcon_pkg'
[2.258s] Level 1:colcon.colcon_core.package_identification:_identify(src) by extensions ['colcon_meta']
[2.259s] Level 1:colcon.colcon_core.package_identification:_identify(src) by extension 'colcon_meta'
[2.259s] Level 1:colcon.colcon_core.package_identification:_identify(src) by extensions ['ros']
[2.259s] Level 1:colcon.colcon_core.package_identification:_identify(src) by extension 'ros'
[2.259s] Level 1:colcon.colcon_core.package_identification:_identify(src) by extensions ['cmake', 'python']
[2.259s] Level 1:colcon.colcon_core.package_identification:_identify(src) by extension 'cmake'
[2.259s] Level 1:colcon.colcon_core.package_identification:_identify(src) by extension 'python'
[2.259s] Level 1:colcon.colcon_core.package_identification:_identify(src) by extensions ['python_setup_py']
[2.259s] Level 1:colcon.colcon_core.package_identification:_identify(src) by extension 'python_setup_py'
[2.260s] Level 1:colcon.colcon_core.package_identification:_identify(src/ssl_robot) by extensions ['ignore', 'ignore_ament_install']
[2.261s] Level 1:colcon.colcon_core.package_identification:_identify(src/ssl_robot) by extension 'ignore'
[2.261s] Level 1:colcon.colcon_core.package_identification:_identify(src/ssl_robot) by extension 'ignore_ament_install'
[2.261s] Level 1:colcon.colcon_core.package_identification:_identify(src/ssl_robot) by extensions ['colcon_pkg']
[2.261s] Level 1:colcon.colcon_core.package_identification:_identify(src/ssl_robot) by extension 'colcon_pkg'
[2.263s] Level 1:colcon.colcon_core.package_identification:_identify(src/ssl_robot) by extensions ['colcon_meta']
[2.263s] Level 1:colcon.colcon_core.package_identification:_identify(src/ssl_robot) by extension 'colcon_meta'
[2.263s] Level 1:colcon.colcon_core.package_identification:_identify(src/ssl_robot) by extensions ['ros']
[2.263s] Level 1:colcon.colcon_core.package_identification:_identify(src/ssl_robot) by extension 'ros'
[2.277s] DEBUG:colcon.colcon_core.package_identification:Package 'src/ssl_robot' with type 'ros.ament_cmake' and name 'ssl_robot'
[2.277s] Level 1:colcon.colcon_core.package_discovery:discover_packages(recursive) using defaults
[2.277s] Level 1:colcon.colcon_core.package_discovery:discover_packages(ignore) discover
[2.277s] Level 1:colcon.colcon_core.package_discovery:discover_packages(ignore) using defaults
[2.277s] Level 1:colcon.colcon_core.package_discovery:discover_packages(path) discover
[2.277s] Level 1:colcon.colcon_core.package_discovery:discover_packages(path) using defaults
[2.423s] Level 1:colcon.colcon_core.package_discovery:discover_packages(prefix_path) check parameters
[2.423s] Level 1:colcon.colcon_core.package_discovery:discover_packages(prefix_path) discover
[2.451s] DEBUG:colcon.colcon_installed_package_information.package_discovery:Found 1 installed packages in /home/usman/Documents/codes/ros2_ws/install
[2.485s] DEBUG:colcon.colcon_installed_package_information.package_discovery:Found 440 installed packages in /opt/ros/jazzy
[2.507s] Level 1:colcon.colcon_core.package_discovery:discover_packages(prefix_path) using defaults
[3.051s] Level 5:colcon.colcon_core.verb:set package 'ssl_robot' build argument 'cmake_args' from command line to 'None'
[3.051s] Level 5:colcon.colcon_core.verb:set package 'ssl_robot' build argument 'cmake_target' from command line to 'None'
[3.051s] Level 5:colcon.colcon_core.verb:set package 'ssl_robot' build argument 'cmake_target_skip_unavailable' from command line to 'False'
[3.051s] Level 5:colcon.colcon_core.verb:set package 'ssl_robot' build argument 'cmake_clean_cache' from command line to 'False'
[3.051s] Level 5:colcon.colcon_core.verb:set package 'ssl_robot' build argument 'cmake_clean_first' from command line to 'False'
[3.051s] Level 5:colcon.colcon_core.verb:set package 'ssl_robot' build argument 'cmake_force_configure' from command line to 'False'
[3.051s] Level 5:colcon.colcon_core.verb:set package 'ssl_robot' build argument 'ament_cmake_args' from command line to 'None'
[3.052s] Level 5:colcon.colcon_core.verb:set package 'ssl_robot' build argument 'catkin_cmake_args' from command line to 'None'
[3.052s] Level 5:colcon.colcon_core.verb:set package 'ssl_robot' build argument 'catkin_skip_building_tests' from command line to 'False'
[3.052s] DEBUG:colcon.colcon_core.verb:Building package 'ssl_robot' with the following arguments: {'ament_cmake_args': None, 'build_base': '/home/usman/Documents/codes/ros2_ws/build/ssl_robot', 'catkin_cmake_args': None, 'catkin_skip_building_tests': False, 'cmake_args': None, 'cmake_clean_cache': False, 'cmake_clean_first': False, 'cmake_force_configure': False, 'cmake_target': None, 'cmake_target_skip_unavailable': False, 'install_base': '/home/usman/Documents/codes/ros2_ws/install/ssl_robot', 'merge_install': False, 'path': '/home/usman/Documents/codes/ros2_ws/src/ssl_robot', 'symlink_install': True, 'test_result_base': None}
[3.053s] INFO:colcon.colcon_core.executor:Executing jobs using 'parallel' executor
[3.056s] DEBUG:colcon.colcon_parallel_executor.executor.parallel:run_until_complete
[3.057s] INFO:colcon.colcon_ros.task.ament_cmake.build:Building ROS package in '/home/usman/Documents/codes/ros2_ws/src/ssl_robot' with build type 'ament_cmake'
[3.057s] INFO:colcon.colcon_cmake.task.cmake.build:Building CMake package in '/home/usman/Documents/codes/ros2_ws/src/ssl_robot'
[3.092s] INFO:colcon.colcon_core.plugin_system:Skipping extension 'colcon_core.shell.bat': Not used on non-Windows systems
[3.093s] INFO:colcon.colcon_core.shell:Skip shell extension 'powershell' for command environment: Not usable outside of PowerShell
[3.093s] DEBUG:colcon.colcon_core.shell:Skip shell extension 'dsv' for command environment
[3.135s] DEBUG:colcon.colcon_core.event_handler.log_command:Invoking command in '/home/usman/Documents/codes/ros2_ws/build/ssl_robot': CMAKE_PREFIX_PATH=${CMAKE_PREFIX_PATH}:/opt/ros/jazzy DEBUGINFOD_URLS=https://debuginfod.ubuntu.com /usr/bin/cmake --build /home/usman/Documents/codes/ros2_ws/build/ssl_robot -- -j4 -l4
[3.547s] DEBUG:colcon.colcon_core.event_handler.log_command:Invoked command in '/home/usman/Documents/codes/ros2_ws/build/ssl_robot' returned '0': CMAKE_PREFIX_PATH=${CMAKE_PREFIX_PATH}:/opt/ros/jazzy DEBUGINFOD_URLS=https://debuginfod.ubuntu.com /usr/bin/cmake --build /home/usman/Documents/codes/ros2_ws/build/ssl_robot -- -j4 -l4
[3.612s] DEBUG:colcon.colcon_core.event_handler.log_command:Invoking command in '/home/usman/Documents/codes/ros2_ws/build/ssl_robot': CMAKE_PREFIX_PATH=${CMAKE_PREFIX_PATH}:/opt/ros/jazzy DEBUGINFOD_URLS=https://debuginfod.ubuntu.com /usr/bin/cmake --install /home/usman/Documents/codes/ros2_ws/build/ssl_robot
[3.882s] Level 1:colcon.colcon_core.environment:create_environment_scripts_only(ssl_robot)
[3.886s] DEBUG:colcon.colcon_core.event_handler.log_command:Invoked command in '/home/usman/Documents/codes/ros2_ws/build/ssl_robot' returned '0': CMAKE_PREFIX_PATH=${CMAKE_PREFIX_PATH}:/opt/ros/jazzy DEBUGINFOD_URLS=https://debuginfod.ubuntu.com /usr/bin/cmake --install /home/usman/Documents/codes/ros2_ws/build/ssl_robot
[3.917s] Level 1:colcon.colcon_core.environment:checking '/home/usman/Documents/codes/ros2_ws/install/ssl_robot' for CMake module files
[3.923s] Level 1:colcon.colcon_core.environment:checking '/home/usman/Documents/codes/ros2_ws/install/ssl_robot' for CMake config files
[3.924s] Level 1:colcon.colcon_core.shell:create_environment_hook('ssl_robot', 'cmake_prefix_path')
[3.925s] INFO:colcon.colcon_core.shell:Creating environment hook '/home/usman/Documents/codes/ros2_ws/install/ssl_robot/share/ssl_robot/hook/cmake_prefix_path.ps1'
[3.930s] INFO:colcon.colcon_core.shell:Creating environment descriptor '/home/usman/Documents/codes/ros2_ws/install/ssl_robot/share/ssl_robot/hook/cmake_prefix_path.dsv'
[3.938s] INFO:colcon.colcon_core.shell:Creating environment hook '/home/usman/Documents/codes/ros2_ws/install/ssl_robot/share/ssl_robot/hook/cmake_prefix_path.sh'
[3.944s] Level 1:colcon.colcon_core.environment:checking '/home/usman/Documents/codes/ros2_ws/install/ssl_robot/lib'
[3.945s] Level 1:colcon.colcon_core.environment:checking '/home/usman/Documents/codes/ros2_ws/install/ssl_robot/bin'
[3.945s] Level 1:colcon.colcon_core.environment:checking '/home/usman/Documents/codes/ros2_ws/install/ssl_robot/lib/pkgconfig/ssl_robot.pc'
[3.947s] Level 1:colcon.colcon_core.environment:checking '/home/usman/Documents/codes/ros2_ws/install/ssl_robot/lib/python3.12/site-packages'
[3.949s] Level 1:colcon.colcon_core.environment:checking '/home/usman/Documents/codes/ros2_ws/install/ssl_robot/bin'
[3.950s] INFO:colcon.colcon_core.shell:Creating package script '/home/usman/Documents/codes/ros2_ws/install/ssl_robot/share/ssl_robot/package.ps1'
[3.957s] INFO:colcon.colcon_core.shell:Creating package descriptor '/home/usman/Documents/codes/ros2_ws/install/ssl_robot/share/ssl_robot/package.dsv'
[3.960s] INFO:colcon.colcon_core.shell:Creating package script '/home/usman/Documents/codes/ros2_ws/install/ssl_robot/share/ssl_robot/package.sh'
[3.968s] INFO:colcon.colcon_core.shell:Creating package script '/home/usman/Documents/codes/ros2_ws/install/ssl_robot/share/ssl_robot/package.bash'
[3.972s] INFO:colcon.colcon_core.shell:Creating package script '/home/usman/Documents/codes/ros2_ws/install/ssl_robot/share/ssl_robot/package.zsh'
[3.982s] Level 1:colcon.colcon_core.environment:create_file_with_runtime_dependencies(/home/usman/Documents/codes/ros2_ws/install/ssl_robot/share/colcon-core/packages/ssl_robot)
[3.988s] Level 1:colcon.colcon_core.environment:create_environment_scripts_only(ssl_robot)
[3.989s] Level 1:colcon.colcon_core.environment:checking '/home/usman/Documents/codes/ros2_ws/install/ssl_robot' for CMake module files
[3.997s] Level 1:colcon.colcon_core.environment:checking '/home/usman/Documents/codes/ros2_ws/install/ssl_robot' for CMake config files
[4.001s] Level 1:colcon.colcon_core.shell:create_environment_hook('ssl_robot', 'cmake_prefix_path')
[4.001s] INFO:colcon.colcon_core.shell:Creating environment hook '/home/usman/Documents/codes/ros2_ws/install/ssl_robot/share/ssl_robot/hook/cmake_prefix_path.ps1'
[4.009s] INFO:colcon.colcon_core.shell:Creating environment descriptor '/home/usman/Documents/codes/ros2_ws/install/ssl_robot/share/ssl_robot/hook/cmake_prefix_path.dsv'
[4.018s] INFO:colcon.colcon_core.shell:Creating environment hook '/home/usman/Documents/codes/ros2_ws/install/ssl_robot/share/ssl_robot/hook/cmake_prefix_path.sh'
[4.023s] Level 1:colcon.colcon_core.environment:checking '/home/usman/Documents/codes/ros2_ws/install/ssl_robot/lib'
[4.024s] Level 1:colcon.colcon_core.environment:checking '/home/usman/Documents/codes/ros2_ws/install/ssl_robot/bin'
[4.025s] Level 1:colcon.colcon_core.environment:checking '/home/usman/Documents/codes/ros2_ws/install/ssl_robot/lib/pkgconfig/ssl_robot.pc'
[4.026s] Level 1:colcon.colcon_core.environment:checking '/home/usman/Documents/codes/ros2_ws/install/ssl_robot/lib/python3.12/site-packages'
[4.030s] Level 1:colcon.colcon_core.environment:checking '/home/usman/Documents/codes/ros2_ws/install/ssl_robot/bin'
[4.033s] INFO:colcon.colcon_core.shell:Creating package script '/home/usman/Documents/codes/ros2_ws/install/ssl_robot/share/ssl_robot/package.ps1'
[4.037s] INFO:colcon.colcon_core.shell:Creating package descriptor '/home/usman/Documents/codes/ros2_ws/install/ssl_robot/share/ssl_robot/package.dsv'
[4.042s] INFO:colcon.colcon_core.shell:Creating package script '/home/usman/Documents/codes/ros2_ws/install/ssl_robot/share/ssl_robot/package.sh'
[4.045s] INFO:colcon.colcon_core.shell:Creating package script '/home/usman/Documents/codes/ros2_ws/install/ssl_robot/share/ssl_robot/package.bash'
[4.048s] INFO:colcon.colcon_core.shell:Creating package script '/home/usman/Documents/codes/ros2_ws/install/ssl_robot/share/ssl_robot/package.zsh'
[4.051s] Level 1:colcon.colcon_core.environment:create_file_with_runtime_dependencies(/home/usman/Documents/codes/ros2_ws/install/ssl_robot/share/colcon-core/packages/ssl_robot)
[4.053s] DEBUG:colcon.colcon_parallel_executor.executor.parallel:closing loop
[4.054s] DEBUG:colcon.colcon_parallel_executor.executor.parallel:loop closed
[4.055s] DEBUG:colcon.colcon_parallel_executor.executor.parallel:run_until_complete finished with '0'
[4.055s] DEBUG:colcon.colcon_core.event_reactor:joining thread
[4.113s] INFO:colcon.colcon_core.plugin_system:Skipping extension 'colcon_notification.desktop_notification.terminal_notifier': Not used on non-Darwin systems
[4.115s] INFO:colcon.colcon_core.plugin_system:Skipping extension 'colcon_notification.desktop_notification.win32': Not used on non-Windows systems
[4.115s] INFO:colcon.colcon_notification.desktop_notification:Sending desktop notification using 'notify2'
[4.908s] DEBUG:colcon.colcon_core.event_reactor:joined thread
[4.909s] INFO:colcon.colcon_core.shell:Creating prefix script '/home/usman/Documents/codes/ros2_ws/install/local_setup.ps1'
[4.916s] INFO:colcon.colcon_core.shell:Creating prefix util module '/home/usman/Documents/codes/ros2_ws/install/_local_setup_util_ps1.py'
[4.924s] INFO:colcon.colcon_core.shell:Creating prefix chain script '/home/usman/Documents/codes/ros2_ws/install/setup.ps1'
[4.931s] INFO:colcon.colcon_core.shell:Creating prefix script '/home/usman/Documents/codes/ros2_ws/install/local_setup.sh'
[4.937s] INFO:colcon.colcon_core.shell:Creating prefix util module '/home/usman/Documents/codes/ros2_ws/install/_local_setup_util_sh.py'
[4.943s] INFO:colcon.colcon_core.shell:Creating prefix chain script '/home/usman/Documents/codes/ros2_ws/install/setup.sh'
[4.953s] INFO:colcon.colcon_core.shell:Creating prefix script '/home/usman/Documents/codes/ros2_ws/install/local_setup.bash'
[4.957s] INFO:colcon.colcon_core.shell:Creating prefix chain script '/home/usman/Documents/codes/ros2_ws/install/setup.bash'
[4.962s] INFO:colcon.colcon_core.shell:Creating prefix script '/home/usman/Documents/codes/ros2_ws/install/local_setup.zsh'
[4.966s] INFO:colcon.colcon_core.shell:Creating prefix chain script '/home/usman/Documents/codes/ros2_ws/install/setup.zsh'
