[0.077s] Invoking command in '/home/usman/Documents/codes/ros2_ws/build/ssl_robot': CMAKE_PREFIX_PATH=${CMAKE_PREFIX_PATH}:/opt/ros/jazzy DEBUGINFOD_URLS=https://debuginfod.ubuntu.com /usr/bin/cmake --build /home/usman/Documents/codes/ros2_ws/build/ssl_robot -- -j4 -l4
[0.488s] Invoked command in '/home/usman/Documents/codes/ros2_ws/build/ssl_robot' returned '0': CMAKE_PREFIX_PATH=${CMAKE_PREFIX_PATH}:/opt/ros/jazzy DEBUGINFOD_URLS=https://debuginfod.ubuntu.com /usr/bin/cmake --build /home/usman/Documents/codes/ros2_ws/build/ssl_robot -- -j4 -l4
[0.553s] Invoking command in '/home/usman/Documents/codes/ros2_ws/build/ssl_robot': CMAKE_PREFIX_PATH=${CMAKE_PREFIX_PATH}:/opt/ros/jazzy DEBUGINFOD_URLS=https://debuginfod.ubuntu.com /usr/bin/cmake --install /home/usman/Documents/codes/ros2_ws/build/ssl_robot
[0.637s] -- Install configuration: ""
[0.645s] -- Execute custom install script
[0.662s] -- Up-to-date symlink: /home/usman/Documents/codes/ros2_ws/install/ssl_robot/share/ssl_robot/urdf/robot.urdf
[0.665s] -- Up-to-date symlink: /home/usman/Documents/codes/ros2_ws/install/ssl_robot/share/ssl_robot/meshes/base_link.STL
[0.668s] -- Up-to-date symlink: /home/usman/Documents/codes/ros2_ws/install/ssl_robot/share/ssl_robot/meshes/link_BL.STL
[0.676s] -- Up-to-date symlink: /home/usman/Documents/codes/ros2_ws/install/ssl_robot/share/ssl_robot/meshes/link_BR.STL
[0.676s] -- Up-to-date symlink: /home/usman/Documents/codes/ros2_ws/install/ssl_robot/share/ssl_robot/meshes/link_FL.STL
[0.678s] -- Up-to-date symlink: /home/usman/Documents/codes/ros2_ws/install/ssl_robot/share/ssl_robot/meshes/link_FR.STL
[0.683s] -- Up-to-date symlink: /home/usman/Documents/codes/ros2_ws/install/ssl_robot/share/ssl_robot/launch/simulation.launch.py
[0.689s] -- Up-to-date symlink: /home/usman/Documents/codes/ros2_ws/install/ssl_robot/share/ssl_robot/worlds/ssl_field.world
[0.691s] -- Up-to-date symlink: /home/usman/Documents/codes/ros2_ws/install/ssl_robot/lib/ssl_robot/gui_controller.py
[0.699s] -- Up-to-date symlink: /home/usman/Documents/codes/ros2_ws/install/ssl_robot/share/ament_index/resource_index/package_run_dependencies/ssl_robot
[0.699s] -- Up-to-date symlink: /home/usman/Documents/codes/ros2_ws/install/ssl_robot/share/ament_index/resource_index/parent_prefix_path/ssl_robot
[0.700s] -- Up-to-date symlink: /home/usman/Documents/codes/ros2_ws/install/ssl_robot/share/ssl_robot/environment/ament_prefix_path.sh
[0.702s] -- Up-to-date symlink: /home/usman/Documents/codes/ros2_ws/install/ssl_robot/share/ssl_robot/environment/ament_prefix_path.dsv
[0.712s] -- Up-to-date symlink: /home/usman/Documents/codes/ros2_ws/install/ssl_robot/share/ssl_robot/environment/path.sh
[0.712s] -- Up-to-date symlink: /home/usman/Documents/codes/ros2_ws/install/ssl_robot/share/ssl_robot/environment/path.dsv
[0.715s] -- Up-to-date symlink: /home/usman/Documents/codes/ros2_ws/install/ssl_robot/share/ssl_robot/local_setup.bash
[0.720s] -- Up-to-date symlink: /home/usman/Documents/codes/ros2_ws/install/ssl_robot/share/ssl_robot/local_setup.sh
[0.721s] -- Up-to-date symlink: /home/usman/Documents/codes/ros2_ws/install/ssl_robot/share/ssl_robot/local_setup.zsh
[0.730s] -- Up-to-date symlink: /home/usman/Documents/codes/ros2_ws/install/ssl_robot/share/ssl_robot/local_setup.dsv
[0.730s] -- Symlinking: /home/usman/Documents/codes/ros2_ws/install/ssl_robot/share/ssl_robot/package.dsv
[0.805s] -- Up-to-date symlink: /home/usman/Documents/codes/ros2_ws/install/ssl_robot/share/ament_index/resource_index/packages/ssl_robot
[0.814s] -- Up-to-date symlink: /home/usman/Documents/codes/ros2_ws/install/ssl_robot/share/ssl_robot/cmake/ssl_robotConfig.cmake
[0.816s] -- Up-to-date symlink: /home/usman/Documents/codes/ros2_ws/install/ssl_robot/share/ssl_robot/cmake/ssl_robotConfig-version.cmake
[0.816s] -- Up-to-date symlink: /home/usman/Documents/codes/ros2_ws/install/ssl_robot/share/ssl_robot/package.xml
[0.826s] Invoked command in '/home/usman/Documents/codes/ros2_ws/build/ssl_robot' returned '0': CMAKE_PREFIX_PATH=${CMAKE_PREFIX_PATH}:/opt/ros/jazzy DEBUGINFOD_URLS=https://debuginfod.ubuntu.com /usr/bin/cmake --install /home/usman/Documents/codes/ros2_ws/build/ssl_robot
